[OK] https://google.com | 200 | 635ms
[OK] https://github.com | 200 | 496ms
[FAIL] https://abrakadabra-super-site-123456.com | CONNECTION
[OK] https://google.com | 200 | 989ms
[OK] https://github.com | 200 | 757ms
[FAIL] https://abrakadabra-super-site-123456.com | CONNECTION
2026-05-31 16:31:41 | [OK] https://google.com | 200 | 731ms
2026-05-31 16:31:42 | [OK] https://github.com | 200 | 770ms
[FAIL] https://abrakadabra-super-site-123456.com | CONNECTION
2026-05-31 16:40:04 | [OK] https://google.com | 200 | 760ms
2026-05-31 16:40:04 | [OK] https://github.com | 200 | 486ms
[FAIL] https://abrakadabra-super-site-123456.com | CONNECTION
2026-05-31 16:40:05 | [OK] https://google.com | 200 | 760ms
2026-05-31 16:40:05 | [OK] https://github.com | 200 | 485ms
[FAIL] https://abrakadabra-super-site-123456.com | CONNECTION
2026-05-31 16:40:06 | [OK] https://google.com | 200 | 712ms
2026-05-31 16:40:07 | [OK] https://github.com | 200 | 470ms
[FAIL] https://abrakadabra-super-site-123456.com | CONNECTION
2026-05-31 16:40:07 | [OK] https://google.com | 200 | 706ms
2026-05-31 16:40:08 | [OK] https://github.com | 200 | 560ms
[FAIL] https://abrakadabra-super-site-123456.com | CONNECTION
2026-05-31 16:40:09 | [OK] https://google.com | 200 | 1077ms
2026-05-31 16:40:10 | [OK] https://github.com | 200 | 505ms
[FAIL] https://abrakadabra-super-site-123456.com | CONNECTION
2026-05-31 16:40:10 | [OK] https://google.com | 200 | 707ms
2026-05-31 16:40:11 | [OK] https://github.com | 200 | 506ms
[FAIL] https://abrakadabra-super-site-123456.com | CONNECTION
2026-05-31 16:40:12 | [OK] https://google.com | 200 | 1045ms
2026-05-31 16:40:12 | [OK] https://github.com | 200 | 498ms
[FAIL] https://abrakadabra-super-site-123456.com | CONNECTION
2026-05-31 16:40:13 | [OK] https://google.com | 200 | 1070ms
2026-05-31 16:40:14 | [OK] https://github.com | 200 | 483ms
[FAIL] https://abrakadabra-super-site-123456.com | CONNECTION
2026-05-31 16:40:15 | [OK] https://google.com | 200 | 717ms
2026-05-31 16:40:15 | [OK] https://github.com | 200 | 484ms
[FAIL] https://abrakadabra-super-site-123456.com | CONNECTION
2026-05-31 16:40:16 | [OK] https://google.com | 200 | 709ms
2026-05-31 16:40:16 | [OK] https://github.com | 200 | 507ms
[FAIL] https://abrakadabra-super-site-123456.com | CONNECTION
2026-05-31 16:40:17 | [OK] https://google.com | 200 | 1043ms
2026-05-31 16:40:18 | [OK] https://github.com | 200 | 523ms
[FAIL] https://abrakadabra-super-site-123456.com | CONNECTION
2026-05-31 16:40:19 | [OK] https://google.com | 200 | 733ms
2026-05-31 16:40:20 | [OK] https://github.com | 200 | 906ms
[FAIL] https://abrakadabra-super-site-123456.com | CONNECTION
2026-05-31 16:40:21 | [OK] https://google.com | 200 | 1072ms
2026-05-31 16:40:21 | [OK] https://github.com | 200 | 490ms
[FAIL] https://abrakadabra-super-site-123456.com | CONNECTION
2026-05-31 16:40:22 | [OK] https://google.com | 200 | 775ms
2026-05-31 16:40:23 | [OK] https://github.com | 200 | 543ms
[FAIL] https://abrakadabra-super-site-123456.com | CONNECTION
2026-05-31 16:40:23 | [OK] https://google.com | 200 | 699ms
2026-05-31 16:40:24 | [OK] https://github.com | 200 | 519ms
[FAIL] https://abrakadabra-super-site-123456.com | CONNECTION
2026-05-31 16:40:24 | [OK] https://google.com | 200 | 702ms
2026-05-31 16:40:25 | [OK] https://github.com | 200 | 456ms
[FAIL] https://abrakadabra-super-site-123456.com | CONNECTION
2026-05-31 16:40:26 | [OK] https://google.com | 200 | 1077ms
2026-05-31 16:40:27 | [OK] https://github.com | 200 | 518ms
[FAIL] https://abrakadabra-super-site-123456.com | CONNECTION
2026-05-31 16:40:28 | [OK] https://google.com | 200 | 1213ms
2026-05-31 16:40:28 | [OK] https://github.com | 200 | 495ms
[FAIL] https://abrakadabra-super-site-123456.com | CONNECTION
2026-05-31 16:40:29 | [OK] https://google.com | 200 | 766ms
2026-05-31 16:40:30 | [OK] https://github.com | 200 | 512ms
[FAIL] https://abrakadabra-super-site-123456.com | CONNECTION
2026-05-31 16:40:30 | [OK] https://google.com | 200 | 720ms
2026-05-31 16:40:31 | [OK] https://github.com | 200 | 512ms
[FAIL] https://abrakadabra-super-site-123456.com | CONNECTION
2026-05-31 16:40:32 | [OK] https://google.com | 200 | 1074ms
2026-05-31 16:40:32 | [OK] https://github.com | 200 | 492ms
[FAIL] https://abrakadabra-super-site-123456.com | CONNECTION
2026-05-31 16:40:34 | [OK] https://google.com | 200 | 1548ms
2026-05-31 16:40:35 | [OK] https://github.com | 200 | 570ms
[FAIL] https://abrakadabra-super-site-123456.com | CONNECTION
2026-05-31 16:48:31 | [OK] https://google.com | 200 | 634ms
2026-05-31 16:48:32 | [OK] https://github.com | 200 | 575ms
[FAIL] https://abrakadabra-super-site-123456.com | CONNECTION
2026-05-31 16:50:27 | [OK] https://google.com | 200 | 644ms
2026-05-31 16:50:27 | [OK] https://github.com | 200 | 503ms
[FAIL] https://abrakadabra-super-site-123456.com | CONNECTION
2026-05-31 16:52:57 | [OK] https://google.com | 200 | 1090ms
2026-05-31 16:52:58 | [OK] https://github.com | 200 | 983ms
[FAIL] https://abrakadabra-super-site-123456.com | CONNECTION
2026-05-31 16:53:09 | [OK] https://google.com | 200 | 703ms
2026-05-31 16:53:09 | [OK] https://github.com | 200 | 492ms
[FAIL] https://abrakadabra-super-site-123456.com | CONNECTION
2026-05-31 16:53:20 | [OK] https://google.com | 200 | 728ms
2026-05-31 16:53:20 | [OK] https://github.com | 200 | 496ms
[FAIL] https://abrakadabra-super-site-123456.com | CONNECTION
2026-05-31 16:58:00 | [OK] https://google.com | 200 | 1065ms
2026-05-31 16:58:01 | [OK] https://github.com | 200 | 491ms
[FAIL] https://abrakadabra-super-site-123456.com | CONNECTION
2026-05-31 16:58:12 | [OK] https://google.com | 200 | 697ms
2026-05-31 16:58:12 | [OK] https://github.com | 200 | 497ms
[FAIL] https://abrakadabra-super-site-123456.com | CONNECTION
2026-05-31 16:58:23 | [OK] https://google.com | 200 | 702ms
2026-05-31 16:58:23 | [OK] https://github.com | 200 | 476ms
[FAIL] https://abrakadabra-super-site-123456.com | CONNECTION
2026-05-31 17:02:48 | [OK] https://google.com | 200 | 773ms
2026-05-31 17:02:49 | [OK] https://github.com | 200 | 571ms
[FAIL] https://abrakadabra-super-site-123456.com | CONNECTION
2026-05-31 17:03:00 | [OK] https://google.com | 200 | 750ms
2026-05-31 17:03:00 | [OK] https://github.com | 200 | 493ms
[FAIL] https://abrakadabra-super-site-123456.com | CONNECTION
2026-05-31 17:03:11 | [OK] https://google.com | 200 | 782ms
2026-05-31 17:03:12 | [OK] https://github.com | 200 | 490ms
[FAIL] https://abrakadabra-super-site-123456.com | CONNECTION
2026-06-01 19:13:48 | [OK] https://google.com | 200 | 942ms
2026-06-01 19:13:49 | [OK] https://github.com | 200 | 513ms
[FAIL] https://abrakadabra-super-site-123456.com | CONNECTION
2026-06-01 19:14:00 | [OK] https://google.com | 200 | 899ms
2026-06-01 19:14:00 | [OK] https://github.com | 200 | 491ms
[FAIL] https://abrakadabra-super-site-123456.com | CONNECTION
2026-06-01 19:14:11 | [OK] https://google.com | 200 | 888ms
2026-06-01 19:14:12 | [OK] https://github.com | 200 | 533ms
[FAIL] https://abrakadabra-super-site-123456.com | CONNECTION
2026-06-01 19:14:23 | [OK] https://google.com | 200 | 869ms
2026-06-01 19:14:23 | [OK] https://github.com | 200 | 494ms
[FAIL] https://abrakadabra-super-site-123456.com | CONNECTION
2026-06-01 19:14:34 | [OK] https://google.com | 200 | 887ms
2026-06-01 19:14:35 | [OK] https://github.com | 200 | 520ms
[FAIL] https://abrakadabra-super-site-123456.com | CONNECTION
2026-06-01 19:14:45 | [OK] https://google.com | 200 | 899ms
2026-06-01 19:14:46 | [OK] https://github.com | 200 | 518ms
[FAIL] https://abrakadabra-super-site-123456.com | CONNECTION
2026-06-01 19:14:57 | [OK] https://google.com | 200 | 896ms
2026-06-01 19:14:57 | [OK] https://github.com | 200 | 506ms
[FAIL] https://abrakadabra-super-site-123456.com | CONNECTION
2026-06-01 19:15:09 | [OK] https://google.com | 200 | 1312ms
[FAIL] https://github.com | TIMEOUT
[FAIL] https://abrakadabra-super-site-123456.com | CONNECTION
2026-06-01 19:15:25 | [OK] https://google.com | 200 | 917ms
[FAIL] https://github.com | TIMEOUT
[FAIL] https://abrakadabra-super-site-123456.com | CONNECTION
2026-06-01 19:15:41 | [OK] https://google.com | 200 | 898ms
2026-06-01 19:15:41 | [OK] https://github.com | 200 | 520ms
[FAIL] https://abrakadabra-super-site-123456.com | CONNECTION
[FAIL] https://abrakadabra-super-site-123456.com | CONNECTION
2026-06-01 19:39:32 | [OK] https://google.com | 200 | 690ms
2026-06-01 19:39:32 | [OK] https://github.com | 200 | 488ms
[FAIL] https://abrakadabra-super-site-123456.com | CONNECTION
2026-06-01 19:39:43 | [OK] https://google.com | 200 | 876ms
2026-06-01 19:39:44 | [OK] https://github.com | 200 | 525ms
[FAIL] https://abrakadabra-super-site-123456.com | CONNECTION
2026-06-01 19:39:55 | [OK] https://google.com | 200 | 899ms
2026-06-01 19:39:55 | [OK] https://github.com | 200 | 519ms
[FAIL] https://abrakadabra-super-site-123456.com | CONNECTION
2026-06-01 19:40:06 | [OK] https://google.com | 200 | 619ms
2026-06-01 19:40:06 | [OK] https://github.com | 200 | 506ms
[FAIL] https://abrakadabra-super-site-123456.com | CONNECTION
2026-06-01 19:40:17 | [OK] https://google.com | 200 | 615ms
2026-06-01 19:40:17 | [OK] https://github.com | 200 | 515ms
[FAIL] https://abrakadabra-super-site-123456.com | CONNECTION
2026-06-01 19:40:28 | [OK] https://google.com | 200 | 632ms
2026-06-01 19:40:29 | [OK] https://github.com | 200 | 487ms
[FAIL] https://abrakadabra-super-site-123456.com | CONNECTION
2026-06-01 19:40:39 | [OK] https://google.com | 200 | 618ms
2026-06-01 19:40:40 | [OK] https://github.com | 200 | 503ms
[FAIL] https://abrakadabra-super-site-123456.com | CONNECTION
2026-06-01 19:40:51 | [OK] https://google.com | 200 | 882ms
2026-06-01 19:40:51 | [OK] https://github.com | 200 | 497ms
[FAIL] https://abrakadabra-super-site-123456.com | CONNECTION
2026-06-01 19:47:04 | [OK] https://google.com | 200 | 923ms
2026-06-01 19:47:05 | [OK] https://github.com | 200 | 525ms
2026-06-01 19:47:05 | [OK] https://ya.ru | 200 | 488ms
2026-06-01 19:47:16 | [OK] https://google.com | 200 | 624ms
2026-06-01 19:47:16 | [OK] https://github.com | 200 | 495ms
2026-06-01 19:47:17 | [OK] https://ya.ru | 200 | 452ms
2026-06-01 19:51:33 | [OK] https://google.com | 200 | 650ms
2026-06-01 19:51:33 | [OK] https://github.com | 200 | 519ms
2026-06-01 19:51:34 | [OK] https://ya.ru | 200 | 438ms
2026-06-01 19:51:44 | [OK] https://google.com | 200 | 617ms
2026-06-01 19:51:45 | [OK] https://github.com | 200 | 509ms
2026-06-01 19:51:45 | [OK] https://ya.ru | 200 | 477ms
2026-06-01 19:51:56 | [OK] https://google.com | 200 | 644ms
2026-06-01 19:51:56 | [OK] https://github.com | 200 | 520ms
2026-06-01 19:51:57 | [OK] https://ya.ru | 200 | 427ms
2026-06-01 19:52:07 | [OK] https://google.com | 200 | 654ms
2026-06-01 19:52:08 | [OK] https://github.com | 200 | 503ms
2026-06-01 19:52:08 | [OK] https://ya.ru | 200 | 503ms
2026-06-01 19:52:19 | [OK] https://google.com | 200 | 632ms
2026-06-01 19:52:19 | [OK] https://github.com | 200 | 451ms
2026-06-01 19:52:20 | [OK] https://ya.ru | 200 | 445ms
2026-06-01 19:52:31 | [OK] https://google.com | 200 | 650ms
2026-06-01 19:52:31 | [OK] https://github.com | 200 | 491ms
2026-06-01 19:52:32 | [OK] https://ya.ru | 200 | 447ms
2026-06-01 19:52:42 | [OK] https://google.com | 200 | 902ms
2026-06-01 19:52:43 | [OK] https://github.com | 200 | 483ms
2026-06-01 19:52:43 | [OK] https://ya.ru | 200 | 505ms
2026-06-01 19:52:54 | [OK] https://google.com | 200 | 899ms
2026-06-01 19:52:55 | [OK] https://github.com | 200 | 524ms
2026-06-01 19:52:55 | [OK] https://ya.ru | 200 | 470ms
2026-06-01 19:53:06 | [OK] https://google.com | 200 | 634ms
2026-06-01 19:53:06 | [OK] https://github.com | 200 | 479ms
2026-06-01 19:53:07 | [OK] https://ya.ru | 200 | 481ms
2026-06-01 19:53:18 | [OK] https://google.com | 200 | 635ms
2026-06-01 19:53:18 | [OK] https://github.com | 200 | 536ms
2026-06-01 19:53:19 | [OK] https://ya.ru | 200 | 503ms
2026-06-01 19:53:29 | [OK] https://google.com | 200 | 639ms
2026-06-01 19:53:30 | [OK] https://github.com | 200 | 453ms
2026-06-01 19:53:30 | [OK] https://ya.ru | 200 | 471ms
